C51 COMPILER V9.55   KEY                                                                   05/23/2017 20:58:03 PAGE 1   


C51 COMPILER V9.55, COMPILATION OF MODULE KEY
OBJECT MODULE PLACED IN ..\OBJ\key.obj
COMPILER INVOKED BY: G:\STM32\install\C51\BIN\C51.EXE ..\USER\key.c OPTIMIZE(8,SPEED) BROWSE DEBUG OBJECTEXTEND PRINT(.\
                    -Listings\key.lst) TABS(3) OBJECT(..\OBJ\key.obj)

line level    source

   1          #include "config.h"
   2          
   3          /*
   4          //按键扫描
   5          u8 keyScan(){
   6             if(keyVerify == 0) return VerifyValue;
   7             if(keyAdd == 0) return AddValue;
   8             if(keyDec == 0) return DecValue;
   9             
  10             return NullValue;
  11          }*/
  12          
  13          //获取键值
  14          u8 read_key()
  15          {
  16   1         static u8 keyState = keyStateInt;
  17   1      
  18   1         u8 keyPress,keyReturn = NullValue;
  19   1      
  20   1         keyPress = keyInput & keyMask;//读按键电平
  21   1         switch(keyState){
  22   2            case keyStateInt:
  23   2               if(keyPress != keyMask){
  24   3                  keyState = keyStateWobble;
  25   3               }
  26   2            break;
  27   2               
  28   2            case keyStateWobble:
  29   2               if(keyPress == (keyInput & keyMask)){
  30   3                  if(keyPress == 0x60) keyReturn = VerifyValue;
  31   3                  if(keyPress == 0xa0) keyReturn = DecValue;
  32   3                  if(keyPress == 0xc0) keyReturn = AddValue;
  33   3                  keyState = keyStatePress;
  34   3               }else{
  35   3                  keyState = keyStateInt;
  36   3               }
  37   2            break;
  38   2               
  39   2            case keyStatePress:
  40   2               if(keyPress == keyMask){
  41   3                  keyState = keyStateInt;
  42   3               }
  43   2            break;
  44   2            default : break;
  45   2         }
  46   1      
  47   1         return keyReturn;                     //返回按键值
  48   1      }


MODULE INFORMATION:   STATIC OVERLAYABLE
   CODE SIZE        =     65    ----
   CONSTANT SIZE    =   ----    ----
   XDATA SIZE       =   ----    ----
C51 COMPILER V9.55   KEY                                                                   05/23/2017 20:58:03 PAGE 2   

   PDATA SIZE       =   ----    ----
   DATA SIZE        =      1    ----
   IDATA SIZE       =   ----    ----
   BIT SIZE         =   ----    ----
END OF MODULE INFORMATION.


C51 COMPILATION COMPLETE.  0 WARNING(S),  0 ERROR(S)
