C51 COMPILER V9.55   LCD                                                                   05/23/2017 20:58:03 PAGE 1   


C51 COMPILER V9.55, COMPILATION OF MODULE LCD
OBJECT MODULE PLACED IN ..\OBJ\lcd.obj
COMPILER INVOKED BY: G:\STM32\install\C51\BIN\C51.EXE ..\USER\lcd.c OPTIMIZE(8,SPEED) BROWSE DEBUG OBJECTEXTEND PRINT(.\
                    -Listings\lcd.lst) TABS(3) OBJECT(..\OBJ\lcd.obj)

line level    source

   1          #include "config.h"
   2          
   3          //申
   4          char code shen[] = {
   5          0x00,0x00,0xF8,0x88,0x88,0x88,0x88,0xFF,0x88,0x88,0x88,0x88,0xF8,0x00,0x00,0x00,
   6          0x00,0x00,0x1F,0x08,0x08,0x08,0x08,0xFF,0x08,0x08,0x08,0x08,0x1F,0x00,0x00,0x00,
   7          };
   8          //静
   9          char code jing[] = {
  10          0x44,0x54,0x54,0x7F,0x54,0x54,0x44,0x20,0x28,0x27,0xE4,0x34,0x2C,0xE0,0x00,0x00,
  11          0x00,0xFF,0x15,0x55,0x95,0x7F,0x00,0x09,0x49,0x89,0x7F,0x09,0x09,0x1F,0x01,0x00,
  12          };
  13          //档
  14          char code dang[] = {
  15          0x10,0x10,0xD0,0xFF,0x90,0x10,0x40,0x42,0x5C,0x40,0x7F,0x40,0x50,0xCE,0x00,0x00,
  16          0x04,0x03,0x00,0xFF,0x00,0x01,0x40,0x44,0x44,0x44,0x44,0x44,0x44,0xFF,0x00,0x00,
  17          };
  18          //位
  19          char code wei[] = {
  20          0x00,0x80,0x60,0xF8,0x07,0x10,0x90,0x10,0x11,0x16,0x10,0x10,0xD0,0x10,0x00,0x00,
  21          0x01,0x00,0x00,0xFF,0x40,0x40,0x41,0x5E,0x40,0x40,0x70,0x4E,0x41,0x40,0x40,0x00,
  22          };
  23          //当
  24          char code now[] = {
  25          0x00,0x40,0x42,0x44,0x58,0x40,0x40,0x7F,0x40,0x40,0x50,0x48,0xC6,0x00,0x00,0x00,
  26          0x00,0x40,0x44,0x44,0x44,0x44,0x44,0x44,0x44,0x44,0x44,0x44,0xFF,0x00,0x00,0x00,
  27          };
  28          //前
  29          char code qian[] = {
  30          0x08,0x08,0xE8,0x29,0x2E,0x28,0xE8,0x08,0x08,0xC8,0x0C,0x0B,0xE8,0x08,0x08,0x00,
  31          0x00,0x00,0xFF,0x09,0x49,0x89,0x7F,0x00,0x00,0x0F,0x40,0x80,0x7F,0x00,0x00,0x00,
  32          };
  33          //设
  34          char code she[] = {
  35          0x40,0x40,0x42,0xCC,0x00,0x40,0xA0,0x9E,0x82,0x82,0x82,0x9E,0xA0,0x20,0x20,0x00,
  36          0x00,0x00,0x00,0x3F,0x90,0x88,0x40,0x43,0x2C,0x10,0x28,0x46,0x41,0x80,0x80,0x00,
  37          };
  38          //置
  39          char code zhi[] = {
  40          0x00,0x17,0x15,0xD5,0x55,0x57,0x55,0x7D,0x55,0x57,0x55,0xD5,0x15,0x17,0x00,0x00,
  41          0x40,0x40,0x40,0x7F,0x55,0x55,0x55,0x55,0x55,0x55,0x55,0x7F,0x40,0x40,0x40,0x00,
  42          };
  43          //作
  44          char code zuo[] = {
  45          0x00,0x80,0x60,0xF8,0x07,0x40,0x30,0x0F,0xF8,0x88,0x88,0x88,0x88,0x08,0x08,0x00,
  46          0x01,0x00,0x00,0xFF,0x00,0x00,0x00,0x00,0xFF,0x08,0x08,0x08,0x08,0x08,0x00,0x00,
  47          };
  48          //品
  49          char code pin[] = {
  50          0x00,0x00,0x00,0x7E,0x42,0x42,0x42,0x42,0x42,0x42,0x42,0x7E,0x00,0x00,0x00,0x00,
  51          0x00,0xFE,0x42,0x42,0x42,0xFE,0x00,0x00,0x00,0xFE,0x42,0x42,0x42,0xFE,0x00,0x00,
  52          };
  53          //放
  54          char code fang[] = {
C51 COMPILER V9.55   LCD                                                                   05/23/2017 20:58:03 PAGE 2   

  55          0x08,0x08,0xF9,0x4A,0x48,0xC8,0x48,0x20,0xD8,0x17,0x10,0x10,0xF0,0x10,0x10,0x00,
  56          0x40,0x30,0x0F,0x20,0x40,0x3F,0x80,0x40,0x21,0x16,0x08,0x16,0x21,0x40,0x80,0x00,
  57          };
  58          //大
  59          char code da[] = {
  60          0x20,0x20,0x20,0x20,0x20,0x20,0x20,0xFF,0x20,0x20,0x20,0x20,0x20,0x20,0x20,0x00,
  61          0x80,0x80,0x40,0x20,0x10,0x0C,0x03,0x00,0x03,0x0C,0x10,0x20,0x40,0x80,0x80,0x00,
  62          };
  63          //倍
  64          char code bei[] = {
  65          0x00,0x80,0x60,0xF8,0x07,0x80,0x94,0xE4,0x85,0x86,0x84,0xC4,0xB4,0x84,0x80,0x00,
  66          0x01,0x00,0x00,0xFF,0x00,0x00,0xFC,0x44,0x44,0x44,0x44,0x44,0x44,0xFC,0x00,0x00,
  67          };
  68          //数
  69          char code shu[] = {
  70          0x90,0x52,0x34,0x10,0xFF,0x10,0x34,0x52,0x80,0x70,0x8F,0x08,0x08,0xF8,0x08,0x00,
  71          0x82,0x9A,0x56,0x63,0x22,0x52,0x8E,0x00,0x80,0x40,0x33,0x0C,0x33,0x40,0x80,0x00,
  72          };
  73          //数字
  74          char code num[9][16] = {
  75          {0x00,0x00,0x10,0x10,0xF8,0x00,0x00,0x00,0x00,0x00,0x20,0x20,0x3F,0x20,0x20,0x00,},//1
  76          {0x00,0x70,0x08,0x08,0x08,0x08,0xF0,0x00,0x00,0x30,0x28,0x24,0x22,0x21,0x30,0x00,},//2
  77          {0x00,0x30,0x08,0x08,0x08,0x88,0x70,0x00,0x00,0x18,0x20,0x21,0x21,0x22,0x1C,0x00,},//3
  78          {0x00,0x00,0x80,0x40,0x30,0xF8,0x00,0x00,0x00,0x06,0x05,0x24,0x24,0x3F,0x24,0x24,},//4
  79          {0x00,0xF8,0x88,0x88,0x88,0x08,0x08,0x00,0x00,0x19,0x20,0x20,0x20,0x11,0x0E,0x00,},//5
  80          {0x00,0x00,0x00,0xC0,0xC0,0x00,0x00,0x00,0x00,0x00,0x00,0x30,0x30,0x00,0x00,0x00,},//:
  81          {0xff,0xff,0xff,0xff,0xff,0xff,0xff,0xff,0xff,0xff,0xff,0xff,0xff,0xff,0xff,0xff,},//全亮
  82          {0x00,0x00,0x00,0x00,0x00,0x00,0x00,0x00,0x00,0x00,0x00,0x00,0x00,0x00,0x00,0x00,},//全灭
  83          {0x00,0xE0,0x10,0x08,0x08,0x10,0xE0,0x00,0x00,0x0F,0x10,0x20,0x20,0x10,0x0F,0x00,},//0
  84          };
  85          
  86          //软件延时
  87          void delayms(u8 time){
  88   1         u8 i ,j;
  89   1         for(i = 0; i < 200;i ++){
  90   2            for(j = 0; j < time; j++);
  91   2         }
  92   1      }
  93          
  94          //液晶忙判断
  95          void lcdCheckBusy()
  96          {
  97   1         LcdPort = 0x00; 
  98   1      
  99   1         RS = 0;  //
 100   1         RW = 1;  //读
 101   1         EN = 1;  //使能
 102   1         while(LcdPort & 0x80);
 103   1         EN = 0;  
 104   1      }
 105          
 106          //写命令
 107          void lcdWriteCom(u8 com)
 108          {
 109   1         lcdCheckBusy();
 110   1         RS = 0;//指令
 111   1         RW = 0;
 112   1         LcdPort = com;
 113   1         EN = 1;
 114   1         nop;
 115   1         EN = 0;
 116   1      }
C51 COMPILER V9.55   LCD                                                                   05/23/2017 20:58:03 PAGE 3   

 117          
 118          //写数据
 119          void lcdWriteData(u8 dat)
 120          {
 121   1         lcdCheckBusy();
 122   1         RS = 1; //数据
 123   1         RW = 0; //写
 124   1         LcdPort = dat;
 125   1         EN = 1;
 126   1         nop;
 127   1         EN = 0;
 128   1      }
 129          
 130          /*****************************************************************************
 131                函数功能:指定位置显示汉字16*16程序
 132          *****************************************************************************/
 133          void lcdDisWords(u8 page,u8 lie, u8 *hzk)
 134          {
 135   1         u8 j = 0,i = 0;
 136   1         for(j = 0;j < 2;j++)
 137   1         {
 138   2            lcdWriteCom(0xb8 + page + j);
 139   2            lcdWriteCom(0x40 + lie);
 140   2            for(i = 0;i < 16;i++) 
 141   2               lcdWriteData(hzk[16*j + i]);
 142   2         }
 143   1      }
 144          //显示数字
 145          void lcdDisNum(u8 page,u8 lie, u8 code *hzk)
 146          {
 147   1         u8 j=0,i=0;
 148   1         for(j=0;j<2;j++)
 149   1         {
 150   2            lcdWriteCom(0xb8 + page + j);
 151   2            lcdWriteCom(0x40 + lie);
 152   2            for(i = 0;i < 8;i++) 
 153   2               lcdWriteData(hzk[8*j+i]);
 154   2         }
 155   1      }
 156          
 157          //清屏
 158          void lcdClr()
 159          {
 160   1         u8 j,k;
 161   1         CS1 = 0; //左、右屏均开显示
 162   1         CS2 = 0;
 163   1         lcdWriteCom(0xb8 + 0);
 164   1         lcdWriteCom(0x40 + 0);
 165   1         for(k = 0;k < 8;k++)//控制页数0-7，共8页
 166   1         {
 167   2            lcdWriteCom(0xb8 + k); //每页每页进行写
 168   2            for(j = 0;j < 64;j++)  //每页最多可写32个中文文字或64个ASCII字符
 169   2            {
 170   3               lcdWriteCom(0x40 + j);
 171   3               lcdWriteData(0x00);//控制列数0-63，共64列，写点内容，列地址自动加1
 172   3            }
 173   2         } 
 174   1      }
 175          
 176          //初始化
 177          void lcdInit() 
 178          { 
C51 COMPILER V9.55   LCD                                                                   05/23/2017 20:58:03 PAGE 4   

 179   1         lcdWriteCom(0x3f);    //
 180   1         nop;nop;
 181   1         //lcdWriteCom(0x3e);   //8位数据传输 , 扩展指令操作 , 绘图开     
 182   1         lcdWriteCom(0xc0);    //
 183   1         lcdWriteCom(0xb8);    // 
 184   1         lcdWriteCom(0x40);    //
 185   1      }
 186          
 187          //显示图片
 188          void show_Pic(u8 page,u8 lineaddress, u8 table[8][128])
 189          {
 190   1         u8 i , j; 
 191   1         for(i=0;i<8;i++)
 192   1         {
 193   2               if(lineaddress<0X80)
 194   2               {
 195   3                  CS1=0;
 196   3                  CS2=1;
 197   3               }
 198   2               lcdWriteCom(page+i);
 199   2               lcdWriteCom(lineaddress);
 200   2               for(j=0;j<64;j++)
 201   2               {
 202   3                  lcdWriteData(table[i][j]);
 203   3                  lineaddress+=1;
 204   3               }
 205   2      
 206   2               if(lineaddress>=0X80)
 207   2               {
 208   3                  CS1=1;
 209   3                  CS2=0;
 210   3                  lineaddress=lineaddress-0X40;
 211   3               }
 212   2               lcdWriteCom(page+i);
 213   2               lcdWriteCom(lineaddress);
 214   2               for(j=64;j<128;j++)
 215   2               {
 216   3                  lcdWriteData(table[i][j]);
 217   3                  lineaddress+=1;
 218   3               }
 219   2               if(lineaddress>=0X80)
 220   2               {
 221   3                  lineaddress=lineaddress-0X40;
 222   3               }
 223   2            }
 224   1      }
 225          //值闪烁
 226          void valueFlash(bit setFlag,u8 *chalnel){
 227   1         if(setFlag){
 228   2            if(++disTimeIndex == 500){
 229   3               disTimeIndex = 0;
 230   3               flash = ~flash;
 231   3               
 232   3               if(flash){ //闪烁
 233   4                  lcdDisSetChalnel(6);//当前位置全亮
 234   4               }else{
 235   4                  lcdDisSetChalnel(chalnel[0]);
 236   4               }
 237   3            }
 238   2         }
 239   1         else{
 240   2            lcdDisSetChalnel(chalnel[0]);
C51 COMPILER V9.55   LCD                                                                   05/23/2017 20:58:03 PAGE 5   

 241   2         }
 242   1         
 243   1         
 244   1      }
 245          
 246          //当前值
 247          void lcdDisCurrentChalnel(u8 chalnel){
 248   1         showRight;
 249   1         lcdDisNum(2,8,num[chalnel]);
 250   1      }
 251          //设置值
 252          void lcdDisSetChalnel(u8 chalnel){
 253   1         showRight;
 254   1         lcdDisNum(6,8,num[chalnel]);
 255   1      }
 256          //显示放大倍数
 257          void lcdDisGain(u8 gain){
 258   1         showRight;
 259   1         switch(gain){
 260   2            case 0: {//1倍
 261   3               lcdDisNum(4,8,num[8]);
 262   3               lcdDisNum(4,16,num[8]);
 263   3               lcdDisNum(4,24,num[0]); 
 264   3            }
 265   2            break;
 266   2            case 1: {//10倍
 267   3               lcdDisNum(4,8,num[8]); 
 268   3               lcdDisNum(4,16,num[0]);
 269   3               lcdDisNum(4,24,num[8]); 
 270   3            }
 271   2            break;
 272   2            case 2 :{//100倍
 273   3               lcdDisNum(4,8,num[0]); 
 274   3               lcdDisNum(4,16,num[8]);
 275   3               lcdDisNum(4,24,num[8]); 
 276   3            }
 277   2            break;
 278   2            case 3:{//500倍
 279   3               lcdDisNum(4,8,num[4]); 
 280   3               lcdDisNum(4,16,num[8]);
 281   3               lcdDisNum(4,24,num[8]); 
 282   3            }
 283   2            break;
 284   2            default : break;
 285   2         }
 286   1      }
 287          
 288          //默认值
 289          void lcdDisDefault(){
 290   1         showLeft;
 291   1         
 292   1         lcdDisWords(0,32,shen);//申
 293   1         lcdDisWords(0,48,jing);//静
 294   1         
 295   1         lcdDisWords(2,0,now); //当
 296   1         lcdDisWords(2,16,qian);//前
 297   1         lcdDisWords(2,32,dang);//档
 298   1         lcdDisWords(2,48,wei);//位
 299   1         
 300   1         lcdDisWords(4,0,fang);//
 301   1         lcdDisWords(4,16,da);//
 302   1         lcdDisWords(4,32,bei);//
C51 COMPILER V9.55   LCD                                                                   05/23/2017 20:58:03 PAGE 6   

 303   1         lcdDisWords(4,48,shu);//
 304   1         
 305   1         lcdDisWords(6,0,she);//设
 306   1         lcdDisWords(6,16,zhi);//置
 307   1         lcdDisWords(6,32,dang);//档
 308   1         lcdDisWords(6,48,wei);//位
 309   1         
 310   1         showRight;
 311   1         
 312   1         lcdDisWords(0,0,zuo);//作
 313   1         lcdDisWords(0,16,pin);//品
 314   1         lcdDisNum(2,0,num[5]);//:
 315   1         lcdDisNum(4,0,num[5]);//:
 316   1         
 317   1         lcdDisNum(4,8,num[8]);// 0
 318   1         lcdDisNum(4,16,num[8]);// 0
 319   1         lcdDisNum(4,24,num[0]);// 1
 320   1         lcdDisWords(4,32,bei);//倍
 321   1         
 322   1         lcdDisNum(6,0,num[5]);//:
 323   1      }
 324          
 325          char code photo[8][128] = {
 326          0x00,0x00,0x00,0x00,0x00,0x00,0x00,0xF0,0xF8,0xF8,0xF0,0x80,0xF0,0xC0,0xC0,0x00,
 327          0x00,0x00,0x00,0x00,0x00,0x00,0x00,0x00,0x00,0x00,0x00,0x00,0x00,0x00,0x00,0x00,
 328          0x00,0x00,0x00,0x00,0x00,0x00,0x00,0x80,0x80,0x80,0x80,0x00,0x00,0x00,0x00,0x00,
 329          0x00,0x00,0x00,0x00,0x00,0x00,0x00,0x00,0x00,0x00,0x00,0x00,0x00,0x00,0x00,0x00,
 330          0x00,0x00,0x00,0x00,0x00,0x00,0x00,0x00,0x00,0x00,0x00,0x00,0x00,0x00,0x00,0x00,
 331          0x00,0x00,0x00,0x00,0x00,0x00,0x00,0x00,0x80,0x80,0x00,0xC0,0xC0,0xC0,0xC0,0x80,
 332          0x00,0x00,0x00,0x00,0x00,0x00,0x00,0x00,0x00,0x00,0x00,0x00,0x00,0x00,0x00,0x00,
 333          0x80,0x00,0x00,0x00,0x80,0x80,0x80,0x00,0x00,0x00,0x00,0x00,0x00,0x00,0x00,0x00,
 334          0x00,0x00,0x00,0x00,0xFC,0xFC,0xFC,0x7F,0xFF,0xFF,0xFF,0xFB,0xFF,0xFF,0x3F,0x3C,
 335          0x7C,0x78,0x00,0x00,0x00,0x00,0x00,0x00,0x00,0x00,0x00,0x00,0x00,0x00,0x00,0x80,
 336          0xB8,0xF8,0xF8,0xE0,0xF8,0xF8,0xF8,0x07,0xFF,0xFF,0xFF,0xFF,0x00,0x00,0x00,0x00,
 337          0x00,0x00,0x00,0x00,0x00,0x00,0x00,0x00,0x00,0x00,0x00,0x00,0x80,0x80,0x80,0x80,
 338          0x80,0xC0,0xE0,0xE0,0xC0,0x80,0x00,0x00,0x00,0x00,0x00,0x00,0x00,0x00,0x00,0x00,
 339          0x00,0x00,0x00,0x00,0xF8,0xFC,0xFF,0xBF,0xFF,0xFF,0xFF,0x7F,0x7F,0x7B,0xFB,0xFC,
 340          0xF8,0xE0,0xC0,0x00,0x00,0x00,0x00,0x00,0x00,0x00,0x00,0x00,0x80,0xE0,0xE0,0xFF,
 341          0xFF,0x9F,0xE7,0xF8,0xFF,0xFF,0xBF,0xFC,0x7C,0x7F,0x7C,0x78,0x00,0x00,0x00,0x00,
 342          0x00,0xE0,0xFE,0xFE,0x1F,0xF9,0xFD,0xE6,0xFF,0xFF,0xFF,0xFF,0xE7,0xE7,0xC0,0x00,
 343          0x00,0x00,0x00,0x00,0x00,0x00,0x00,0x00,0x00,0x00,0x00,0x00,0x00,0xF8,0xFE,0xFF,
 344          0xFF,0xFF,0xFF,0xE7,0xFF,0xFF,0xFF,0x3C,0xFF,0xFF,0xFF,0xFF,0xC0,0x00,0x00,0x00,
 345          0x00,0x00,0x00,0x00,0x00,0x00,0x00,0x00,0x00,0x00,0x00,0xFE,0xFF,0xFF,0xFF,0xFF,
 346          0xFF,0xDF,0x1F,0x07,0x07,0x03,0x00,0x00,0x00,0x00,0x00,0x00,0x00,0x00,0x00,0x00,
 347          0x00,0x00,0xC0,0xF8,0xFF,0xFF,0x3F,0xFF,0xFF,0xFF,0xE5,0xFE,0xFE,0xDE,0xDD,0x01,
 348          0x01,0x03,0x01,0x00,0x00,0x00,0x00,0x00,0x00,0x00,0x00,0x00,0xFF,0xFF,0xFF,0x1F,
 349          0x3F,0x1F,0xC7,0xFF,0xFF,0xFF,0xFF,0xFF,0xFC,0xF8,0x00,0x00,0x00,0x00,0xFC,0xF8,
 350          0x00,0x01,0xE1,0xE1,0xFC,0xFE,0x7F,0x0F,0xFF,0xFF,0xFF,0xFF,0x7F,0x7F,0x1F,0x0F,
 351          0x00,0x00,0x00,0x00,0x00,0x00,0x00,0x00,0x00,0x00,0x00,0x00,0x00,0x00,0xFF,0xFF,
 352          0x7F,0x03,0x00,0x00,0xFF,0xFF,0xFF,0x1E,0xFF,0xFF,0xFF,0xFF,0x01,0x00,0x00,0x00,
 353          0x00,0x00,0x00,0x00,0x00,0x00,0x00,0xF0,0xF0,0x80,0x80,0xE0,0xE0,0xF0,0xFF,0xFF,
 354          0xFF,0xFF,0xFE,0xFE,0xFE,0xFC,0xFC,0xF0,0xE0,0x00,0x00,0x00,0x00,0x00,0x00,0x00,
 355          0x00,0x0F,0x1F,0x1F,0xF3,0xFC,0xFE,0xFC,0xFC,0x7F,0xFF,0xFF,0xFF,0xFF,0x0F,0x0F,
 356          0x0F,0x00,0x00,0x00,0x00,0x00,0x00,0x00,0x00,0x00,0x00,0xFE,0xFF,0xFF,0x81,0x00,
 357          0x00,0xEF,0xFF,0xFF,0x7F,0xFF,0xFF,0xF1,0x80,0x00,0x00,0x00,0xE0,0xFF,0x6F,0x01,
 358          0x00,0x00,0x01,0x01,0x01,0x01,0x00,0x7F,0xFF,0xFF,0xFF,0x01,0x00,0x00,0x00,0x00,
 359          0x00,0x00,0x00,0x00,0x00,0x00,0x00,0x00,0x00,0x00,0x70,0x78,0x7E,0x7F,0x3F,0x07,
 360          0x01,0x00,0x00,0x00,0x01,0x00,0x00,0x3E,0x79,0x7F,0x7F,0x7F,0x7E,0x00,0x00,0x00,
 361          0x00,0x00,0x00,0x00,0x00,0x08,0x3F,0x3F,0x3F,0x3F,0x3F,0x3F,0x0F,0x0F,0x07,0x01,
 362          0x01,0x00,0x00,0x0E,0x07,0x07,0x0F,0x3F,0x07,0x00,0x00,0x00,0x00,0x00,0x00,0x00,
 363          0x00,0x00,0x80,0x80,0x80,0x80,0x80,0x80,0xC0,0xC0,0xFF,0xFF,0xFF,0xFF,0x00,0x00,
 364          0x00,0x00,0x00,0x00,0x00,0x00,0x00,0x00,0x00,0x00,0x00,0xFF,0xFF,0xFF,0x79,0xF8,
C51 COMPILER V9.55   LCD                                                                   05/23/2017 20:58:03 PAGE 7   

 365          0xFE,0x3F,0x0F,0x07,0x00,0x3F,0xFF,0xFF,0xFF,0xFE,0xFE,0xFE,0xFF,0xFF,0x00,0x00,
 366          0x00,0x00,0x00,0x00,0x00,0x00,0x00,0x1F,0x1F,0x3F,0x1F,0x00,0x00,0x00,0x00,0x00,
 367          0x00,0x00,0x00,0x00,0x00,0x00,0x00,0x00,0x00,0x00,0x00,0x00,0x00,0x00,0x00,0x00,
 368          0x00,0x00,0x00,0x00,0x00,0x00,0x00,0x00,0x00,0x00,0x00,0x00,0x00,0x00,0x00,0x00,
 369          0x00,0x00,0x00,0x00,0x00,0x00,0x00,0x00,0x00,0x00,0x00,0x00,0x00,0x00,0x00,0x00,
 370          0x00,0x00,0x00,0x00,0x00,0x00,0x00,0x00,0x00,0x00,0x00,0x00,0x00,0x00,0x00,0x00,
 371          0x00,0x00,0x00,0x03,0x03,0x03,0x03,0x03,0x03,0x03,0x03,0x03,0x03,0x00,0x00,0x00,
 372          0x00,0x00,0x00,0x00,0x00,0x00,0x00,0x00,0x00,0x00,0x00,0x07,0x07,0x07,0x00,0x00,
 373          0x00,0x00,0x00,0x00,0x00,0x00,0x00,0x00,0x00,0x00,0x00,0x00,0x00,0x00,0x00,0x00,
 374          0x00,0xF8,0xF8,0x1C,0x3C,0xFC,0xFC,0xC0,0xFC,0xFC,0x00,0xFC,0xFC,0xC0,0xFC,0xF8,
 375          0xE0,0xFC,0xFC,0xF8,0x1C,0xDC,0xDC,0x1C,0xFC,0xFC,0x3C,0xFC,0xDC,0xC0,0xFC,0xE0,
 376          0xF8,0x1C,0x3C,0xF8,0xFC,0xFC,0x00,0xFC,0xFC,0x00,0x00,0x00,0xFC,0xFC,0xFC,0xFC,
 377          0xF8,0xFC,0xFC,0xF8,0xDC,0xDC,0x1C,0xFC,0x1C,0xFC,0xFC,0x1C,0xFC,0xFC,0xFC,0xFC,
 378          0x00,0xFC,0xFC,0x1C,0xFC,0x1C,0xFC,0xDC,0xDC,0x00,0x00,0x00,0xF8,0xF8,0x1C,0x3C,
 379          0xF8,0xFC,0xFC,0xDC,0x00,0x00,0x00,0x1C,0xFC,0xFC,0x1C,0xFC,0xDC,0xDC,0xF8,0x3C,
 380          0x1C,0xFC,0xFC,0xFC,0xFC,0xFC,0xFC,0xFC,0xE0,0xC0,0xFC,0xF8,0xFC,0x1C,0xFC,0xF8,
 381          0xFC,0xFC,0x00,0xE0,0x3C,0x1C,0x1C,0xF8,0xE0,0xF8,0x3C,0xDC,0xFC,0xFC,0xE0,0xFC,
 382          0x00,0x0F,0x1F,0x1C,0x1E,0x1F,0x1F,0x01,0x1F,0x1F,0x1F,0x03,0x0F,0x1F,0x1F,0x01,
 383          0x03,0x1F,0x13,0x0F,0x1C,0x1F,0x1F,0x1F,0x1F,0x1D,0x1C,0x1F,0x1D,0x01,0x1F,0x03,
 384          0x0F,0x1C,0x1E,0x0F,0x0F,0x1F,0x1C,0x1F,0x0F,0x00,0x00,0x00,0x1F,0x1F,0x1F,0x1F,
 385          0x03,0x1F,0x1F,0x1E,0x1F,0x0F,0x03,0x1F,0x00,0x1F,0x1F,0x00,0x1F,0x1F,0x0F,0x1F,
 386          0x1C,0x1F,0x0F,0x00,0x1F,0x00,0x1F,0x1D,0x1D,0x00,0x00,0x00,0x0F,0x0F,0x1C,0x1E,
 387          0x0F,0x1F,0x1F,0x01,0x00,0x00,0x00,0x00,0x1F,0x1F,0x00,0x1F,0x1D,0x1D,0x0F,0x1F,
 388          0x1C,0x1F,0x1F,0x1F,0x1F,0x1F,0x1F,0x1C,0x03,0x0F,0x1F,0x0F,0x1F,0x1C,0x1F,0x0F,
 389          0x1F,0x1F,0x1C,0x1F,0x1E,0x1C,0x1C,0x0F,0x0F,0x0F,0x1E,0x1F,0x1F,0x00,0x1F,0x00,
 390          
 391          };


MODULE INFORMATION:   STATIC OVERLAYABLE
   CODE SIZE        =    910    ----
   CONSTANT SIZE    =   1616    ----
   XDATA SIZE       =   ----    ----
   PDATA SIZE       =   ----    ----
   DATA SIZE        =   ----      17
   IDATA SIZE       =   ----    ----
   BIT SIZE         =   ----       1
END OF MODULE INFORMATION.


C51 COMPILATION COMPLETE.  0 WARNING(S),  0 ERROR(S)
