C51 COMPILER V9.55   MAIN                                                                  05/23/2017 20:58:03 PAGE 1   


C51 COMPILER V9.55, COMPILATION OF MODULE MAIN
OBJECT MODULE PLACED IN ..\OBJ\main.obj
COMPILER INVOKED BY: G:\STM32\install\C51\BIN\C51.EXE ..\USER\main.c OPTIMIZE(8,SPEED) BROWSE DEBUG OBJECTEXTEND PRINT(.
                    -\Listings\main.lst) TABS(3) OBJECT(..\OBJ\main.obj)

line level    source

   1          #include "config.h"
   2          
   3          bit SystemTime1Ms = 0; //1ms 标志位
   4          
   5          int setChalnel = 0; //设置档位
   6          u8 curretnChalnel = 0;//当前档位
   7          
   8          u8 timeCount = 0;//20ms计数
   9          u16 disTimeIndex = 0;//500ms计数
  10          volatile bit flash = 0;//闪烁标志
  11          
  12          u8 keyCode = 0;//按键码
  13          volatile bit setFlag = 0; //设置标志位
  14          
  15          u8 setCount = 0;//设置按键按下计数
  16          
  17          u8 disSetChalnel[2] = {0};//缓存设置值
  18          u8 disCurretnChalnel[2] = {0};//缓存当前值
  19          void main(){
  20   1         
  21   1         setGain(0);//设置开机默认档位
  22   1         
  23   1         lcdInit();//液晶显示初始化
  24   1         lcdClr();   //液晶清屏
  25   1         show_Pic(0xb8,0x40,&photo);//显示开机LOGO
  26   1         delayms(200); // 
  27   1         delayms(200);
  28   1         delayms(200);
  29   1         lcdClr();   //清屏
  30   1         lcdDisDefault();//显示默认值
  31   1         Timer0Init();//定时器初始化
  32   1      // P1 = keyMask;
  33   1         for(;;){
  34   2            lcdDisCurrentChalnel(disCurretnChalnel[0]);//显示当前档位
  35   2            if(SystemTime1Ms){//1ms
  36   3               if(++timeCount == 20){//20ms
  37   4                  timeCount = 0;
  38   4                  keyCode = read_key();//获取键值
  39   4                  if(keyCode != NullValue){//有按键按下
  40   5                     if(keyCode == VerifyValue){//按键为设置按键
  41   6                        setFlag = ~setFlag; // 设置标志位取反
  42   6                        ++setCount;//设置按键按下次数计数
  43   6                        if(setCount > 1) setCount = 0;//按键次数清零
  44   6                     }
  45   5                     if(setCount == 1){//第一次按下 则进入设置界面
  46   6                        if(keyCode == AddValue){ //增加按键
  47   7                           setChalnel++;//档位增加
  48   7                           if(setChalnel >= 3) setChalnel = 3;
  49   7                        }
  50   6                        if(keyCode == DecValue){//减小按键 
  51   7                           setChalnel--; //档位减小
  52   7                           if(setChalnel <= 0) setChalnel = 0;
  53   7                        }
  54   6                        disSetChalnel[0] = setChalnel;//缓存档位
C51 COMPILER V9.55   MAIN                                                                  05/23/2017 20:58:03 PAGE 2   

  55   6                     }
  56   5                     else{ //退出设置 , 显示数据
  57   6                        
  58   6                        disCurretnChalnel[0] = setChalnel;//显示当前值
  59   6                        setGain(setChalnel);//设置档位
  60   6                        lcdDisGain(setChalnel);//显示放大倍数
  61   6                     }
  62   5                  }
  63   4               }
  64   3               
  65   3               valueFlash(setFlag,&disSetChalnel); //闪烁
  66   3            }
  67   2         }
  68   1      }
  69          //中断处理
  70          void Timer0Isr() interrupt 1 { 
  71   1         TH0 = 0xfc ; //定时重新赋初值
  72   1         TL0 = 0x66 ;
  73   1         
  74   1         SystemTime1Ms = 1;//1ms时间到
  75   1      }


MODULE INFORMATION:   STATIC OVERLAYABLE
   CODE SIZE        =    211    ----
   CONSTANT SIZE    =   ----    ----
   XDATA SIZE       =   ----    ----
   PDATA SIZE       =   ----    ----
   DATA SIZE        =     12    ----
   IDATA SIZE       =   ----    ----
   BIT SIZE         =      3    ----
END OF MODULE INFORMATION.


C51 COMPILATION COMPLETE.  0 WARNING(S),  0 ERROR(S)
