C51 COMPILER V9.55   TIMER                                                                 05/23/2017 20:58:03 PAGE 1   


C51 COMPILER V9.55, COMPILATION OF MODULE TIMER
OBJECT MODULE PLACED IN ..\OBJ\timer.obj
COMPILER INVOKED BY: G:\STM32\install\C51\BIN\C51.EXE ..\USER\timer.c OPTIMIZE(8,SPEED) BROWSE DEBUG OBJECTEXTEND PRINT(
                    -.\Listings\timer.lst) TABS(3) OBJECT(..\OBJ\timer.obj)

line level    source

   1          #include "config.h"
   2          
   3          void Timer0Init(){
   4   1      
   5   1         TMOD &= 0xf0 ;
   6   1         TMOD |= 0x01 ; //定时器0工作方式1
   7   1         TH0 = 0xfc ; //定时器初值
   8   1         TL0 = 0x66 ;
   9   1         TR0 = 1 ;
  10   1         ET0 = 1 ;
  11   1         EA = 1;
  12   1      }


MODULE INFORMATION:   STATIC OVERLAYABLE
   CODE SIZE        =     19    ----
   CONSTANT SIZE    =   ----    ----
   XDATA SIZE       =   ----    ----
   PDATA SIZE       =   ----    ----
   DATA SIZE        =   ----    ----
   IDATA SIZE       =   ----    ----
   BIT SIZE         =   ----    ----
END OF MODULE INFORMATION.


C51 COMPILATION COMPLETE.  0 WARNING(S),  0 ERROR(S)
